\BOOKMARK [1][-]{section.1}{\376\377\000P\000r\000\351\000s\000e\000n\000t\000a\000t\000i\000o\000n\000\040\000d\000u\000\040\000p\000r\000o\000j\000e\000t}{}% 1
\BOOKMARK [2][-]{subsection.1.1}{\376\377\000C\000o\000n\000t\000e\000x\000t\000e\000\040\000m\000\351\000d\000i\000c\000a\000l}{section.1}% 2
\BOOKMARK [2][-]{subsection.1.2}{\376\377\000O\000b\000j\000e\000c\000t\000i\000f\000\040\000d\000u\000\040\000p\000i\000p\000e\000l\000i\000n\000e}{section.1}% 3
\BOOKMARK [2][-]{subsection.1.3}{\376\377\000S\000t\000a\000c\000k\000\040\000t\000e\000c\000h\000n\000i\000q\000u\000e}{section.1}% 4
\BOOKMARK [1][-]{section.2}{\376\377\000A\000r\000c\000h\000i\000t\000e\000c\000t\000u\000r\000e\000\040\000d\000u\000\040\000p\000r\000o\000j\000e\000t}{}% 5
\BOOKMARK [2][-]{subsection.2.1}{\376\377\000S\000t\000r\000u\000c\000t\000u\000r\000e\000\040\000d\000e\000s\000\040\000f\000i\000c\000h\000i\000e\000r\000s}{section.2}% 6
\BOOKMARK [1][-]{section.3}{\376\377\000M\000o\000d\000u\000l\000e\000\040\000d\000e\000\040\000p\000r\000\351\000t\000r\000a\000i\000t\000e\000m\000e\000n\000t\000\040\000\050\000s\000r\000c\000/\000d\000a\000t\000a\000/\000\051}{}% 7
\BOOKMARK [2][-]{subsection.3.1}{\376\377\000C\000l\000a\000s\000s\000e\000\040\000R\000e\000t\000i\000n\000a\000l\000I\000m\000a\000g\000e\000P\000r\000e\000p\000r\000o\000c\000e\000s\000s\000o\000r}{section.3}% 8
\BOOKMARK [3][-]{subsubsection.3.1.1}{\376\377\000\311\000t\000a\000p\000e\000\040\0001\000\040\000:\000\040\000E\000x\000t\000r\000a\000c\000t\000i\000o\000n\000\040\000d\000e\000\040\000l\000a\000\040\000R\000O\000I\000\040\000c\000i\000r\000c\000u\000l\000a\000i\000r\000e}{subsection.3.1}% 9
\BOOKMARK [3][-]{subsubsection.3.1.2}{\376\377\000\311\000t\000a\000p\000e\000\040\0002\000\040\000:\000\040\000N\000o\000r\000m\000a\000l\000i\000s\000a\000t\000i\000o\000n\000\040\000B\000e\000n\000-\000G\000r\000a\000h\000a\000m}{subsection.3.1}% 10
\BOOKMARK [3][-]{subsubsection.3.1.3}{\376\377\000\311\000t\000a\000p\000e\000\040\0003\000\040\000:\000\040\000C\000L\000A\000H\000E}{subsection.3.1}% 11
\BOOKMARK [3][-]{subsubsection.3.1.4}{\376\377\000\311\000t\000a\000p\000e\000\040\0004\000\040\000:\000\040\000R\000e\000s\000i\000z\000e\000\040\000e\000t\000\040\000n\000o\000r\000m\000a\000l\000i\000s\000a\000t\000i\000o\000n}{subsection.3.1}% 12
\BOOKMARK [2][-]{subsection.3.2}{\376\377\000C\000l\000a\000s\000s\000e\000\040\000R\000e\000t\000i\000n\000a\000l\000D\000a\000t\000a\000s\000e\000t}{section.3}% 13
\BOOKMARK [3][-]{subsubsection.3.2.1}{\376\377\000G\000e\000s\000t\000i\000o\000n\000\040\000d\000u\000\040\000d\000\351\000s\000\351\000q\000u\000i\000l\000i\000b\000r\000e\000\040\000d\000e\000\040\000c\000l\000a\000s\000s\000e\000s}{subsection.3.2}% 14
\BOOKMARK [3][-]{subsubsection.3.2.2}{\376\377\000S\000p\000l\000i\000t\000\040\000s\000t\000r\000a\000t\000i\000f\000i\000\351}{subsection.3.2}% 15
\BOOKMARK [3][-]{subsubsection.3.2.3}{\376\377\000A\000u\000g\000m\000e\000n\000t\000a\000t\000i\000o\000n\000s}{subsection.3.2}% 16
\BOOKMARK [1][-]{section.4}{\376\377\000A\000r\000c\000h\000i\000t\000e\000c\000t\000u\000r\000e\000\040\000d\000u\000\040\000m\000o\000d\000\350\000l\000e\000\040\000\050\000s\000r\000c\000/\000m\000o\000d\000e\000l\000s\000/\000\051}{}% 17
\BOOKMARK [2][-]{subsection.4.1}{\376\377\000V\000u\000e\000\040\000d\000'\000e\000n\000s\000e\000m\000b\000l\000e}{section.4}% 18
\BOOKMARK [2][-]{subsection.4.2}{\376\377\000B\000a\000c\000k\000b\000o\000n\000e\000\040\000:\000\040\000E\000f\000f\000i\000c\000i\000e\000n\000t\000N\000e\000t\000V\0002\000-\000S}{section.4}% 19
\BOOKMARK [2][-]{subsection.4.3}{\376\377\000M\000o\000d\000u\000l\000e\000\040\000d\000'\000a\000t\000t\000e\000n\000t\000i\000o\000n\000\040\000s\000p\000a\000t\000i\000a\000l\000e\000\040\000\050\000C\000B\000A\000M\000\051}{section.4}% 20
\BOOKMARK [2][-]{subsection.4.4}{\376\377\000T\000\352\000t\000e\000\040\000d\000e\000\040\000c\000l\000a\000s\000s\000i\000f\000i\000c\000a\000t\000i\000o\000n}{section.4}% 21
\BOOKMARK [2][-]{subsection.4.5}{\376\377\000S\000t\000r\000a\000t\000\351\000g\000i\000e\000\040\000d\000e\000\040\000f\000i\000n\000e\000-\000t\000u\000n\000i\000n\000g\000\040\000e\000n\000\040\0002\000\040\000p\000h\000a\000s\000e\000s}{section.4}% 22
\BOOKMARK [2][-]{subsection.4.6}{\376\377\000F\000o\000n\000c\000t\000i\000o\000n\000s\000\040\000d\000e\000\040\000p\000e\000r\000t\000e}{section.4}% 23
\BOOKMARK [3][-]{subsubsection.4.6.1}{\376\377\000F\000o\000c\000a\000l\000\040\000L\000o\000s\000s\000\040\000p\000o\000n\000d\000\351\000r\000\351\000e}{subsection.4.6}% 24
\BOOKMARK [3][-]{subsubsection.4.6.2}{\376\377\000Q\000W\000K\000\040\000L\000o\000s\000s}{subsection.4.6}% 25
\BOOKMARK [1][-]{section.5}{\376\377\000E\000n\000t\000r\000a\000\356\000n\000e\000m\000e\000n\000t\000\040\000e\000t\000\040\000s\000u\000i\000v\000i\000\040\000M\000L\000f\000l\000o\000w\000\040\000\050\000s\000r\000c\000/\000m\000o\000d\000e\000l\000s\000/\000t\000r\000a\000i\000n\000.\000p\000y\000\051}{}% 26
\BOOKMARK [2][-]{subsection.5.1}{\376\377\000P\000i\000p\000e\000l\000i\000n\000e\000\040\000d\000'\000e\000n\000t\000r\000a\000\356\000n\000e\000m\000e\000n\000t}{section.5}% 27
\BOOKMARK [2][-]{subsection.5.2}{\376\377\000C\000a\000l\000l\000b\000a\000c\000k\000s\000\040\000K\000e\000r\000a\000s}{section.5}% 28
\BOOKMARK [2][-]{subsection.5.3}{\376\377\000S\000u\000i\000v\000i\000\040\000M\000L\000f\000l\000o\000w}{section.5}% 29
\BOOKMARK [1][-]{section.6}{\376\377\000O\000p\000t\000i\000m\000i\000s\000a\000t\000i\000o\000n\000\040\000d\000u\000\040\000m\000o\000d\000\350\000l\000e\000\040\000\050\000s\000r\000c\000/\000m\000o\000d\000e\000l\000s\000/\000o\000p\000t\000i\000m\000i\000z\000e\000.\000p\000y\000\051}{}% 30
\BOOKMARK [2][-]{subsection.6.1}{\376\377\000P\000r\000u\000n\000i\000n\000g\000\040\000s\000t\000r\000u\000c\000t\000u\000r\000e\000l}{section.6}% 31
\BOOKMARK [2][-]{subsection.6.2}{\376\377\000Q\000u\000a\000n\000t\000i\000f\000i\000c\000a\000t\000i\000o\000n}{section.6}% 32
\BOOKMARK [2][-]{subsection.6.3}{\376\377\000T\000e\000s\000t\000-\000T\000i\000m\000e\000\040\000A\000u\000g\000m\000e\000n\000t\000a\000t\000i\000o\000n\000\040\000\050\000T\000T\000A\000\051}{section.6}% 33
\BOOKMARK [2][-]{subsection.6.4}{\376\377\000E\000x\000p\000o\000r\000t\000\040\000O\000N\000N\000X}{section.6}% 34
\BOOKMARK [1][-]{section.7}{\376\377\000\311\000v\000a\000l\000u\000a\000t\000i\000o\000n\000\040\000e\000t\000\040\000e\000x\000p\000l\000i\000c\000a\000b\000i\000l\000i\000t\000\351\000\040\000\050\000s\000r\000c\000/\000e\000v\000a\000l\000u\000a\000t\000i\000o\000n\000/\000\051}{}% 35
\BOOKMARK [2][-]{subsection.7.1}{\376\377\000M\000\351\000t\000r\000i\000q\000u\000e\000s\000\040\000c\000o\000m\000p\000l\000\350\000t\000e\000s}{section.7}% 36
\BOOKMARK [2][-]{subsection.7.2}{\376\377\000R\000\351\000s\000u\000l\000t\000a\000t\000s\000\040\000o\000b\000t\000e\000n\000u\000s}{section.7}% 37
\BOOKMARK [2][-]{subsection.7.3}{\376\377\000E\000x\000p\000l\000i\000c\000a\000b\000i\000l\000i\000t\000\351\000\040\000:\000\040\000G\000r\000a\000d\000-\000C\000A\000M}{section.7}% 38
\BOOKMARK [2][-]{subsection.7.4}{\376\377\000C\000a\000l\000i\000b\000r\000a\000t\000i\000o\000n\000\040\000d\000e\000\040\000c\000o\000n\000f\000i\000a\000n\000c\000e\000\040\000\050\000E\000C\000E\000\051}{section.7}% 39
\BOOKMARK [2][-]{subsection.7.5}{\376\377\000S\000e\000u\000i\000l\000s\000\040\000d\000e\000\040\000t\000r\000i\000a\000g\000e\000\040\000c\000l\000i\000n\000i\000q\000u\000e}{section.7}% 40
\BOOKMARK [2][-]{subsection.7.6}{\376\377\000A\000n\000a\000l\000y\000s\000e\000\040\000d\000e\000s\000\040\000e\000r\000r\000e\000u\000r\000s}{section.7}% 41
\BOOKMARK [1][-]{section.8}{\376\377\000A\000P\000I\000\040\000d\000'\000i\000n\000f\000\351\000r\000e\000n\000c\000e\000\040\000\050\000s\000r\000c\000/\000a\000p\000i\000/\000\051}{}% 42
\BOOKMARK [2][-]{subsection.8.1}{\376\377\000E\000n\000d\000p\000o\000i\000n\000t\000s\000\040\000F\000a\000s\000t\000A\000P\000I}{section.8}% 43
\BOOKMARK [2][-]{subsection.8.2}{\376\377\000F\000o\000r\000m\000a\000t\000\040\000d\000e\000\040\000r\000\351\000p\000o\000n\000s\000e}{section.8}% 44
\BOOKMARK [2][-]{subsection.8.3}{\376\377\000M\000o\000d\000\350\000l\000e\000\040\000T\000F\000L\000i\000t\000e\000\040\000e\000n\000\040\000p\000r\000o\000d\000u\000c\000t\000i\000o\000n}{section.8}% 45
\BOOKMARK [1][-]{section.9}{\376\377\000D\000\351\000p\000l\000o\000i\000e\000m\000e\000n\000t\000\040\000D\000o\000c\000k\000e\000r}{}% 46
\BOOKMARK [2][-]{subsection.9.1}{\376\377\000D\000o\000c\000k\000e\000r\000f\000i\000l\000e\000\040\000m\000u\000l\000t\000i\000-\000s\000t\000a\000g\000e}{section.9}% 47
\BOOKMARK [2][-]{subsection.9.2}{\376\377\000D\000o\000c\000k\000e\000r\000\040\000C\000o\000m\000p\000o\000s\000e}{section.9}% 48
\BOOKMARK [1][-]{section.10}{\376\377\000T\000e\000s\000t\000s\000\040\000e\000t\000\040\000q\000u\000a\000l\000i\000t\000\351\000\040\000d\000e\000\040\000c\000o\000d\000e}{}% 49
\BOOKMARK [2][-]{subsection.10.1}{\376\377\000T\000e\000s\000t\000s\000\040\000u\000n\000i\000t\000a\000i\000r\000e\000s}{section.10}% 50
\BOOKMARK [3][-]{subsubsection.10.1.1}{\376\377\000t\000e\000s\000t\000\137\000p\000r\000e\000p\000r\000o\000c\000e\000s\000s\000i\000n\000g\000.\000p\000y}{subsection.10.1}% 51
\BOOKMARK [3][-]{subsubsection.10.1.2}{\376\377\000t\000e\000s\000t\000\137\000m\000o\000d\000e\000l\000.\000p\000y}{subsection.10.1}% 52
\BOOKMARK [2][-]{subsection.10.2}{\376\377\000C\000o\000m\000m\000a\000n\000d\000e\000s\000\040\000M\000a\000k\000e\000f\000i\000l\000e}{section.10}% 53
\BOOKMARK [1][-]{section.11}{\376\377\000C\000o\000n\000f\000i\000g\000u\000r\000a\000t\000i\000o\000n\000\040\000e\000t\000\040\000u\000t\000i\000l\000i\000t\000a\000i\000r\000e\000s}{}% 54
\BOOKMARK [2][-]{subsection.11.1}{\376\377\000F\000i\000c\000h\000i\000e\000r\000\040\000d\000e\000\040\000c\000o\000n\000f\000i\000g\000u\000r\000a\000t\000i\000o\000n\000\040\000Y\000A\000M\000L}{section.11}% 55
\BOOKMARK [2][-]{subsection.11.2}{\376\377\000L\000o\000g\000g\000i\000n\000g\000\040\000s\000t\000r\000u\000c\000t\000u\000r\000\351}{section.11}% 56
