\BOOKMARK [1][-]{section.1}{\376\377\000I\000n\000t\000r\000o\000d\000u\000c\000t\000i\000o\000n}{}% 1
\BOOKMARK [1][-]{section.2}{\376\377\000P\000r\000\351\000t\000r\000a\000i\000t\000e\000m\000e\000n\000t\000\040\000d\000e\000s\000\040\000i\000m\000a\000g\000e\000s\000\040\000r\000\351\000t\000i\000n\000i\000e\000n\000n\000e\000s}{}% 2
\BOOKMARK [2][-]{subsection.2.1}{\376\377\000E\000s\000p\000a\000c\000e\000\040\000c\000o\000l\000o\000r\000i\000m\000\351\000t\000r\000i\000q\000u\000e\000\040\000e\000t\000\040\000r\000e\000p\000r\000\351\000s\000e\000n\000t\000a\000t\000i\000o\000n\000\040\000d\000e\000s\000\040\000i\000m\000a\000g\000e\000s}{section.2}% 3
\BOOKMARK [2][-]{subsection.2.2}{\376\377\000N\000o\000r\000m\000a\000l\000i\000s\000a\000t\000i\000o\000n\000\040\000B\000e\000n\000-\000G\000r\000a\000h\000a\000m}{section.2}% 4
\BOOKMARK [3][-]{subsubsection.2.2.1}{\376\377\000F\000i\000l\000t\000r\000e\000\040\000g\000a\000u\000s\000s\000i\000e\000n}{subsection.2.2}% 5
\BOOKMARK [3][-]{subsubsection.2.2.2}{\376\377\000F\000o\000r\000m\000u\000l\000e\000\040\000d\000e\000\040\000n\000o\000r\000m\000a\000l\000i\000s\000a\000t\000i\000o\000n}{subsection.2.2}% 6
\BOOKMARK [2][-]{subsection.2.3}{\376\377\000C\000L\000A\000H\000E\000\040\040\024\000\040\000C\000o\000n\000t\000r\000a\000s\000t\000\040\000L\000i\000m\000i\000t\000e\000d\000\040\000A\000d\000a\000p\000t\000i\000v\000e\000\040\000H\000i\000s\000t\000o\000g\000r\000a\000m\000\040\000E\000q\000u\000a\000l\000i\000z\000a\000t\000i\000o\000n}{section.2}% 7
\BOOKMARK [3][-]{subsubsection.2.3.1}{\376\377\000\311\000g\000a\000l\000i\000s\000a\000t\000i\000o\000n\000\040\000d\000'\000h\000i\000s\000t\000o\000g\000r\000a\000m\000m\000e\000\040\000c\000l\000a\000s\000s\000i\000q\000u\000e}{subsection.2.3}% 8
\BOOKMARK [3][-]{subsubsection.2.3.2}{\376\377\000A\000d\000a\000p\000t\000i\000v\000e\000\040\000H\000i\000s\000t\000o\000g\000r\000a\000m\000\040\000E\000q\000u\000a\000l\000i\000z\000a\000t\000i\000o\000n\000\040\000\050\000A\000H\000E\000\051}{subsection.2.3}% 9
\BOOKMARK [3][-]{subsubsection.2.3.3}{\376\377\000L\000i\000m\000i\000t\000a\000t\000i\000o\000n\000\040\000d\000u\000\040\000c\000o\000n\000t\000r\000a\000s\000t\000e\000\040\000\050\000C\000L\000A\000H\000E\000\051}{subsection.2.3}% 10
\BOOKMARK [2][-]{subsection.2.4}{\376\377\000E\000x\000t\000r\000a\000c\000t\000i\000o\000n\000\040\000d\000e\000\040\000l\000a\000\040\000R\000O\000I\000\040\000c\000i\000r\000c\000u\000l\000a\000i\000r\000e}{section.2}% 11
\BOOKMARK [1][-]{section.3}{\376\377\000R\000\351\000s\000e\000a\000u\000x\000\040\000d\000e\000\040\000n\000e\000u\000r\000o\000n\000e\000s\000\040\000c\000o\000n\000v\000o\000l\000u\000t\000i\000f\000s}{}% 12
\BOOKMARK [2][-]{subsection.3.1}{\376\377\000C\000o\000n\000v\000o\000l\000u\000t\000i\000o\000n\000\040\0002\000D}{section.3}% 13
\BOOKMARK [2][-]{subsection.3.2}{\376\377\000F\000o\000n\000c\000t\000i\000o\000n\000s\000\040\000d\000'\000a\000c\000t\000i\000v\000a\000t\000i\000o\000n}{section.3}% 14
\BOOKMARK [2][-]{subsection.3.3}{\376\377\000B\000a\000t\000c\000h\000\040\000N\000o\000r\000m\000a\000l\000i\000z\000a\000t\000i\000o\000n}{section.3}% 15
\BOOKMARK [2][-]{subsection.3.4}{\376\377\000E\000f\000f\000i\000c\000i\000e\000n\000t\000N\000e\000t\000V\0002}{section.3}% 16
\BOOKMARK [3][-]{subsubsection.3.4.1}{\376\377\000S\000c\000a\000l\000i\000n\000g\000\040\000c\000o\000m\000p\000o\000s\000\351}{subsection.3.4}% 17
\BOOKMARK [3][-]{subsubsection.3.4.2}{\376\377\000M\000B\000C\000o\000n\000v\000\040\000e\000t\000\040\000F\000u\000s\000e\000d\000-\000M\000B\000C\000o\000n\000v}{subsection.3.4}% 18
\BOOKMARK [3][-]{subsubsection.3.4.3}{\376\377\000S\000q\000u\000e\000e\000z\000e\000-\000a\000n\000d\000-\000E\000x\000c\000i\000t\000a\000t\000i\000o\000n\000\040\000\050\000S\000E\000\051}{subsection.3.4}% 19
\BOOKMARK [2][-]{subsection.3.5}{\376\377\000M\000o\000d\000u\000l\000e\000\040\000d\000'\000a\000t\000t\000e\000n\000t\000i\000o\000n\000\040\000s\000p\000a\000t\000i\000a\000l\000e\000\040\000\050\000C\000B\000A\000M\000\051}{section.3}% 20
\BOOKMARK [3][-]{subsubsection.3.5.1}{\376\377\000A\000t\000t\000e\000n\000t\000i\000o\000n\000\040\000p\000a\000r\000\040\000c\000a\000n\000a\000l}{subsection.3.5}% 21
\BOOKMARK [3][-]{subsubsection.3.5.2}{\376\377\000A\000t\000t\000e\000n\000t\000i\000o\000n\000\040\000s\000p\000a\000t\000i\000a\000l\000e}{subsection.3.5}% 22
\BOOKMARK [2][-]{subsection.3.6}{\376\377\000T\000r\000a\000n\000s\000f\000e\000r\000\040\000L\000e\000a\000r\000n\000i\000n\000g\000\040\000e\000t\000\040\000F\000i\000n\000e\000-\000T\000u\000n\000i\000n\000g}{section.3}% 23
\BOOKMARK [1][-]{section.4}{\376\377\000F\000o\000n\000c\000t\000i\000o\000n\000s\000\040\000d\000e\000\040\000p\000e\000r\000t\000e}{}% 24
\BOOKMARK [2][-]{subsection.4.1}{\376\377\000C\000r\000o\000s\000s\000-\000E\000n\000t\000r\000o\000p\000y\000\040\000c\000a\000t\000\351\000g\000o\000r\000i\000e\000l\000l\000e}{section.4}% 25
\BOOKMARK [2][-]{subsection.4.2}{\376\377\000F\000o\000c\000a\000l\000\040\000L\000o\000s\000s}{section.4}% 26
\BOOKMARK [2][-]{subsection.4.3}{\376\377\000L\000a\000b\000e\000l\000\040\000S\000m\000o\000o\000t\000h\000i\000n\000g}{section.4}% 27
\BOOKMARK [2][-]{subsection.4.4}{\376\377\000Q\000u\000a\000d\000r\000a\000t\000i\000c\000\040\000W\000e\000i\000g\000h\000t\000e\000d\000\040\000K\000a\000p\000p\000a\000\040\000\050\000Q\000W\000K\000\051\000\040\000L\000o\000s\000s}{section.4}% 28
\BOOKMARK [1][-]{section.5}{\376\377\000A\000u\000g\000m\000e\000n\000t\000a\000t\000i\000o\000n\000\040\000d\000e\000s\000\040\000d\000o\000n\000n\000\351\000e\000s}{}% 29
\BOOKMARK [2][-]{subsection.5.1}{\376\377\000A\000u\000g\000m\000e\000n\000t\000a\000t\000i\000o\000n\000s\000\040\000g\000\351\000o\000m\000\351\000t\000r\000i\000q\000u\000e\000s}{section.5}% 30
\BOOKMARK [2][-]{subsection.5.2}{\376\377\000M\000i\000x\000U\000p}{section.5}% 31
\BOOKMARK [2][-]{subsection.5.3}{\376\377\000C\000u\000t\000M\000i\000x}{section.5}% 32
\BOOKMARK [1][-]{section.6}{\376\377\000O\000p\000t\000i\000m\000i\000s\000a\000t\000i\000o\000n\000\040\000d\000e\000\040\000l\000'\000e\000n\000t\000r\000a\000\356\000n\000e\000m\000e\000n\000t}{}% 33
\BOOKMARK [2][-]{subsection.6.1}{\376\377\000O\000p\000t\000i\000m\000i\000s\000e\000u\000r\000\040\000A\000d\000a\000m\000W}{section.6}% 34
\BOOKMARK [2][-]{subsection.6.2}{\376\377\000R\000\351\000d\000u\000c\000t\000i\000o\000n\000\040\000d\000u\000\040\000l\000e\000a\000r\000n\000i\000n\000g\000\040\000r\000a\000t\000e\000\040\000s\000u\000r\000\040\000p\000l\000a\000t\000e\000a\000u}{section.6}% 35
\BOOKMARK [2][-]{subsection.6.3}{\376\377\000E\000a\000r\000l\000y\000\040\000S\000t\000o\000p\000p\000i\000n\000g}{section.6}% 36
\BOOKMARK [1][-]{section.7}{\376\377\000O\000p\000t\000i\000m\000i\000s\000a\000t\000i\000o\000n\000\040\000d\000u\000\040\000m\000o\000d\000\350\000l\000e\000\040\000\340\000\040\000l\000'\000i\000n\000f\000\351\000r\000e\000n\000c\000e}{}% 37
\BOOKMARK [2][-]{subsection.7.1}{\376\377\000P\000r\000u\000n\000i\000n\000g\000\040\000s\000t\000r\000u\000c\000t\000u\000r\000e\000l}{section.7}% 38
\BOOKMARK [2][-]{subsection.7.2}{\376\377\000Q\000u\000a\000n\000t\000i\000f\000i\000c\000a\000t\000i\000o\000n}{section.7}% 39
\BOOKMARK [2][-]{subsection.7.3}{\376\377\000T\000e\000s\000t\000-\000T\000i\000m\000e\000\040\000A\000u\000g\000m\000e\000n\000t\000a\000t\000i\000o\000n\000\040\000\050\000T\000T\000A\000\051}{section.7}% 40
\BOOKMARK [1][-]{section.8}{\376\377\000\311\000v\000a\000l\000u\000a\000t\000i\000o\000n\000\040\000e\000t\000\040\000m\000\351\000t\000r\000i\000q\000u\000e\000s}{}% 41
\BOOKMARK [2][-]{subsection.8.1}{\376\377\000M\000a\000t\000r\000i\000c\000e\000\040\000d\000e\000\040\000c\000o\000n\000f\000u\000s\000i\000o\000n}{section.8}% 42
\BOOKMARK [2][-]{subsection.8.2}{\376\377\000M\000\351\000t\000r\000i\000q\000u\000e\000s\000\040\000p\000a\000r\000\040\000c\000l\000a\000s\000s\000e}{section.8}% 43
\BOOKMARK [2][-]{subsection.8.3}{\376\377\000A\000U\000C\000-\000R\000O\000C\000\040\000\050\000A\000r\000e\000a\000\040\000U\000n\000d\000e\000r\000\040\000t\000h\000e\000\040\000R\000O\000C\000\040\000C\000u\000r\000v\000e\000\051}{section.8}% 44
\BOOKMARK [2][-]{subsection.8.4}{\376\377\000E\000x\000p\000e\000c\000t\000e\000d\000\040\000C\000a\000l\000i\000b\000r\000a\000t\000i\000o\000n\000\040\000E\000r\000r\000o\000r\000\040\000\050\000E\000C\000E\000\051}{section.8}% 45
\BOOKMARK [1][-]{section.9}{\376\377\000E\000x\000p\000l\000i\000c\000a\000b\000i\000l\000i\000t\000\351\000\040\000:\000\040\000G\000r\000a\000d\000-\000C\000A\000M}{}% 46
\BOOKMARK [2][-]{subsection.9.1}{\376\377\000F\000o\000r\000m\000u\000l\000a\000t\000i\000o\000n}{section.9}% 47
\BOOKMARK [1][-]{section.10}{\376\377\000R\000\351\000c\000a\000p\000i\000t\000u\000l\000a\000t\000i\000f\000\040\000d\000e\000s\000\040\000n\000o\000t\000a\000t\000i\000o\000n\000s}{}% 48
